#
# There is insufficient memory for the Java Runtime Environment to continue.
# Native memory allocation (malloc) failed to allocate 560496 bytes for Chunk::new
# Possible reasons:
#   The system is out of physical RAM or swap space
#   The process is running with CompressedOops enabled, and the Java Heap may be blocking the growth of the native heap
# Possible solutions:
#   Reduce memory load on the system
#   Increase physical memory or swap space
#   Check if swap backing store is full
#   Decrease Java heap size (-Xmx/-Xms)
#   Decrease number of Java threads
#   Decrease Java thread stack sizes (-Xss)
#   Set larger code cache with -XX:ReservedCodeCacheSize=
#   JVM is running with Unscaled Compressed Oops mode in which the Java heap is
#     placed in the first 4GB address space. The Java Heap base address is the
#     maximum limit for the native heap growth. Please use -XX:HeapBaseMinAddress
#     to set the Java Heap base and to place the Java Heap above 4GB virtual address.
# This output file may be truncated or incomplete.
#
#  Out of Memory Error (./src/hotspot/share/memory/arena.cpp:197), pid=21412, tid=16884
#
# JRE version: OpenJDK Runtime Environment (11.0.11+9) (build 11.0.11+9-b60-7590822)
# Java VM: OpenJDK 64-Bit Server VM (11.0.11+9-b60-7590822, mixed mode, tiered, compressed oops, g1 gc, windows-amd64)
# No core dump will be written. Minidumps are not enabled by default on client versions of Windows
#

---------------  S U M M A R Y ------------

Command Line: --add-opens=java.base/java.util=ALL-UNNAMED --add-opens=java.base/java.lang=ALL-UNNAMED --add-opens=java.base/java.lang.invoke=ALL-UNNAMED --add-opens=java.base/java.util=ALL-UNNAMED --add-opens=java.prefs/java.util.prefs=ALL-UNNAMED --add-opens=java.prefs/java.util.prefs=ALL-UNNAMED --add-opens=java.base/java.nio.charset=ALL-UNNAMED --add-opens=java.base/java.net=ALL-UNNAMED --add-opens=java.base/java.util.concurrent.atomic=ALL-UNNAMED -Xmx2048m -Dfile.encoding=UTF-8 -Duser.country=US -Duser.language=en -Duser.variant org.gradle.launcher.daemon.bootstrap.GradleDaemon 7.2

Host: 11th Gen Intel(R) Core(TM) i7-1165G7 @ 2.80GHz, 8 cores, 7G,  Windows 10 , 64 bit Build 22000 (10.0.22000.613)
Time: Thu Apr 28 23:06:20 2022 Sri Lanka Standard Time elapsed time: 11.099934 seconds (0d 0h 0m 11s)

---------------  T H R E A D  ---------------

Current thread (0x000001de460e3000):  JavaThread "C2 CompilerThread1" daemon [_thread_in_native, id=16884, stack(0x00000043cdf00000,0x00000043ce000000)]


Current CompileTask:
C2:  11099 5537       4       org.gradle.internal.reflect.MethodSet::add (50 bytes)

Stack: [0x00000043cdf00000,0x00000043ce000000]
Native frames: (J=compiled Java code, j=interpreted, Vv=VM code, C=native code)
V  [jvm.dll+0x5f214a]
V  [jvm.dll+0x726fb5]
V  [jvm.dll+0x7285cd]
V  [jvm.dll+0x728c83]
V  [jvm.dll+0x243278]
V  [jvm.dll+0xbc53c]
V  [jvm.dll+0xbca3c]
V  [jvm.dll+0x353e7d]
V  [jvm.dll+0x19895c]
V  [jvm.dll+0x1fc2ee]
V  [jvm.dll+0x1fb3d4]
V  [jvm.dll+0x183d6c]
V  [jvm.dll+0x209a57]
V  [jvm.dll+0x2082a1]
V  [jvm.dll+0x6ef58f]
V  [jvm.dll+0x6e80b5]
V  [jvm.dll+0x5f1036]
C  [ucrtbase.dll+0x26c0c]
C  [KERNEL32.DLL+0x154e0]
C  [ntdll.dll+0x485b]


---------------  P R O C E S S  ---------------

Threads class SMR info:
_java_thread_list=0x000001de450771e0, length=122, elements={
0x000001de2447f000, 0x000001de3e8f5800, 0x000001de3e900800, 0x000001de3f284800,
0x000001de3f288800, 0x000001de3f289800, 0x000001de3f28b800, 0x000001de3f293800,
0x000001de3e90e800, 0x000001de3f3dc800, 0x000001de40a3f000, 0x000001de3f4ee000,
0x000001de4109d800, 0x000001de40593000, 0x000001de416ee800, 0x000001de40b6c000,
0x000001de4231f000, 0x000001de40495800, 0x000001de41359800, 0x000001de41357000,
0x000001de4135a800, 0x000001de41358000, 0x000001de4135b000, 0x000001de41358800,
0x000001de4135c000, 0x000001de41356800, 0x000001de4135d000, 0x000001de41bbc000,
0x000001de41bbb800, 0x000001de41bbf800, 0x000001de41bbe800, 0x000001de41bbd000,
0x000001de41bc2000, 0x000001de44fe6000, 0x000001de44fe7000, 0x000001de44feb800,
0x000001de44fea000, 0x000001de44fe7800, 0x000001de44fe8800, 0x000001de44fe9800,
0x000001de44fec800, 0x000001de44fef000, 0x000001de44fee000, 0x000001de44fed800,
0x000001de44ff0000, 0x000001de44ff0800, 0x000001de44feb000, 0x000001de44ff1800,
0x000001de44ff4000, 0x000001de44ff4800, 0x000001de44ff2800, 0x000001de44ff3000,
0x000001de3f793000, 0x000001de3f790800, 0x000001de3f791800, 0x000001de3f78f000,
0x000001de3f794000, 0x000001de3f795800, 0x000001de3f792000, 0x000001de3f794800,
0x000001de3f78f800, 0x000001de3f79a800, 0x000001de3f798000, 0x000001de3f798800,
0x000001de3f796800, 0x000001de3f799800, 0x000001de3f79c000, 0x000001de3f79b000,
0x000001de3f797000, 0x000001de3f79d000, 0x000001de3f79d800, 0x000001de419b1000,
0x000001de419b2800, 0x000001de419ae800, 0x000001de419af000, 0x000001de419b0000,
0x000001de419b7800, 0x000001de419b5000, 0x000001de419b4000, 0x000001de419b5800,
0x000001de419b6800, 0x000001de419b1800, 0x000001de419b8000, 0x000001de419b9000,
0x000001de419b3000, 0x000001de419b9800, 0x000001de419ba800, 0x000001de419bb800,
0x000001de419bc000, 0x000001de419bd000, 0x000001de41f3b000, 0x000001de41f39800,
0x000001de41f3c000, 0x000001de41f37000, 0x000001de41f38800, 0x000001de41f3c800,
0x000001de41f3d800, 0x000001de41f3a800, 0x000001de41f38000, 0x000001de41f3f000,
0x000001de41f40000, 0x000001de41f41000, 0x000001de41f3e800, 0x000001de41f45000,
0x000001de41f44000, 0x000001de41f41800, 0x000001de41f45800, 0x000001de41f42800,
0x000001de41f43000, 0x000001de3f5d4800, 0x000001de3f5d7000, 0x000001de3f5d9000,
0x000001de3f5d6800, 0x000001de3f5d5800, 0x000001de3f5d8000, 0x000001de3f5d3000,
0x000001de3f5d9800, 0x000001de3f5d4000, 0x000001de3f5da800, 0x000001de3f5e1000,
0x000001de3f5dd800, 0x000001de460e3000
}

Java Threads: ( => current thread )
  0x000001de2447f000 JavaThread "main" [_thread_blocked, id=19780, stack(0x00000043c5700000,0x00000043c5800000)]
  0x000001de3e8f5800 JavaThread "Reference Handler" daemon [_thread_blocked, id=22640, stack(0x00000043c5e00000,0x00000043c5f00000)]
  0x000001de3e900800 JavaThread "Finalizer" daemon [_thread_blocked, id=17228, stack(0x00000043c5f00000,0x00000043c6000000)]
  0x000001de3f284800 JavaThread "Signal Dispatcher" daemon [_thread_blocked, id=22596, stack(0x00000043c6000000,0x00000043c6100000)]
  0x000001de3f288800 JavaThread "Attach Listener" daemon [_thread_blocked, id=8264, stack(0x00000043c6100000,0x00000043c6200000)]
  0x000001de3f289800 JavaThread "Service Thread" daemon [_thread_blocked, id=10372, stack(0x00000043c6200000,0x00000043c6300000)]
  0x000001de3f28b800 JavaThread "C2 CompilerThread0" daemon [_thread_in_native, id=12492, stack(0x00000043c6300000,0x00000043c6400000)]
  0x000001de3f293800 JavaThread "C1 CompilerThread0" daemon [_thread_blocked, id=2700, stack(0x00000043c6400000,0x00000043c6500000)]
  0x000001de3e90e800 JavaThread "Sweeper thread" daemon [_thread_blocked, id=22564, stack(0x00000043c6500000,0x00000043c6600000)]
  0x000001de3f3dc800 JavaThread "Common-Cleaner" daemon [_thread_blocked, id=11064, stack(0x00000043c6600000,0x00000043c6700000)]
  0x000001de40a3f000 JavaThread "Daemon health stats" [_thread_blocked, id=7440, stack(0x00000043c6a00000,0x00000043c6b00000)]
  0x000001de3f4ee000 JavaThread "Incoming local TCP Connector on port 49794" [_thread_in_native, id=18568, stack(0x00000043c6800000,0x00000043c6900000)]
  0x000001de4109d800 JavaThread "Daemon periodic checks" [_thread_blocked, id=12024, stack(0x00000043c6b00000,0x00000043c6c00000)]
  0x000001de40593000 JavaThread "Daemon" [_thread_blocked, id=12768, stack(0x00000043c6c00000,0x00000043c6d00000)]
  0x000001de416ee800 JavaThread "Handler for socket connection from /127.0.0.1:49794 to /127.0.0.1:49795" [_thread_in_native, id=20388, stack(0x00000043c6d00000,0x00000043c6e00000)]
  0x000001de40b6c000 JavaThread "Cancel handler" [_thread_blocked, id=1204, stack(0x00000043c6e00000,0x00000043c6f00000)]
  0x000001de4231f000 JavaThread "Daemon worker" [_thread_in_native, id=16152, stack(0x00000043c6f00000,0x00000043c7000000)]
  0x000001de40495800 JavaThread "Asynchronous log dispatcher for DefaultDaemonConnection: socket connection from /127.0.0.1:49794 to /127.0.0.1:49795" [_thread_blocked, id=17084, stack(0x00000043c7000000,0x00000043c7100000)]
  0x000001de41359800 JavaThread "Stdin handler" [_thread_blocked, id=21884, stack(0x00000043c7100000,0x00000043c7200000)]
  0x000001de41357000 JavaThread "Daemon client event forwarder" [_thread_blocked, id=18524, stack(0x00000043c7200000,0x00000043c7300000)]
  0x000001de4135a800 JavaThread "Cache worker for journal cache (C:\Users\chami\.gradle\caches\journal-1)" [_thread_blocked, id=17364, stack(0x00000043c7a00000,0x00000043c7b00000)]
  0x000001de41358000 JavaThread "File lock request listener" [_thread_in_native, id=5284, stack(0x00000043c7b00000,0x00000043c7c00000)]
  0x000001de4135b000 JavaThread "Cache worker for file hash cache (C:\Users\chami\.gradle\caches\7.2\fileHashes)" [_thread_blocked, id=22048, stack(0x00000043c7c00000,0x00000043c7d00000)]
  0x000001de41358800 JavaThread "Cache worker for file hash cache (C:\Users\chami\AndroidStudioProjects\ChatCom\.gradle\7.2\fileHashes)" [_thread_blocked, id=4844, stack(0x00000043c7e00000,0x00000043c7f00000)]
  0x000001de4135c000 JavaThread "File watcher server" daemon [_thread_in_native, id=1104, stack(0x00000043c7f00000,0x00000043c8000000)]
  0x000001de41356800 JavaThread "File watcher consumer" daemon [_thread_blocked, id=15864, stack(0x00000043c8000000,0x00000043c8100000)]
  0x000001de4135d000 JavaThread "Cache worker for checksums cache (C:\Users\chami\AndroidStudioProjects\ChatCom\.gradle\checksums)" [_thread_blocked, id=3340, stack(0x00000043c8100000,0x00000043c8200000)]
  0x000001de41bbc000 JavaThread "Cache worker for cache directory md-supplier (C:\Users\chami\.gradle\caches\7.2\md-supplier)" [_thread_blocked, id=17112, stack(0x00000043c8200000,0x00000043c8300000)]
  0x000001de41bbb800 JavaThread "Cache worker for cache directory md-rule (C:\Users\chami\.gradle\caches\7.2\md-rule)" [_thread_blocked, id=15816, stack(0x00000043c8300000,0x00000043c8400000)]
  0x000001de41bbf800 JavaThread "Cache worker for execution history cache (C:\Users\chami\.gradle\caches\7.2\executionHistory)" [_thread_blocked, id=17596, stack(0x00000043c8400000,0x00000043c8500000)]
  0x000001de41bbe800 JavaThread "jar transforms" [_thread_blocked, id=20676, stack(0x00000043c8500000,0x00000043c8600000)]
  0x000001de41bbd000 JavaThread "Cache worker for file content cache (C:\Users\chami\.gradle\caches\7.2\fileContent)" [_thread_blocked, id=20720, stack(0x00000043c8600000,0x00000043c8700000)]
  0x000001de41bc2000 JavaThread "jar transforms Thread 2" [_thread_blocked, id=12340, stack(0x00000043c8700000,0x00000043c8800000)]
  0x000001de44fe6000 JavaThread "Cache worker for dependencies-accessors (C:\Users\chami\AndroidStudioProjects\ChatCom\.gradle\7.2\dependencies-accessors)" [_thread_blocked, id=8360, stack(0x00000043c8800000,0x00000043c8900000)]
  0x000001de44fe7000 JavaThread "jar transforms Thread 3" [_thread_blocked, id=18996, stack(0x00000043c7300000,0x00000043c7400000)]
  0x000001de44feb800 JavaThread "Cache worker for Build Output Cleanup Cache (C:\Users\chami\AndroidStudioProjects\ChatCom\.gradle\buildOutputCleanup)" [_thread_blocked, id=11532, stack(0x00000043c8900000,0x00000043c8a00000)]
  0x000001de44fea000 JavaThread "Unconstrained build operations" [_thread_blocked, id=1780, stack(0x00000043c8a00000,0x00000043c8b00000)]
  0x000001de44fe7800 JavaThread "Unconstrained build operations Thread 2" [_thread_blocked, id=21792, stack(0x00000043c8b00000,0x00000043c8c00000)]
  0x000001de44fe8800 JavaThread "Unconstrained build operations Thread 3" [_thread_blocked, id=16528, stack(0x00000043c8c00000,0x00000043c8d00000)]
  0x000001de44fe9800 JavaThread "Unconstrained build operations Thread 4" [_thread_blocked, id=4404, stack(0x00000043c8d00000,0x00000043c8e00000)]
  0x000001de44fec800 JavaThread "Unconstrained build operations Thread 5" [_thread_blocked, id=19056, stack(0x00000043c8e00000,0x00000043c8f00000)]
  0x000001de44fef000 JavaThread "Unconstrained build operations Thread 6" [_thread_blocked, id=19496, stack(0x00000043c8f00000,0x00000043c9000000)]
  0x000001de44fee000 JavaThread "Unconstrained build operations Thread 7" [_thread_blocked, id=13984, stack(0x00000043c9000000,0x00000043c9100000)]
  0x000001de44fed800 JavaThread "Unconstrained build operations Thread 8" [_thread_blocked, id=20600, stack(0x00000043c9100000,0x00000043c9200000)]
  0x000001de44ff0000 JavaThread "Unconstrained build operations Thread 9" [_thread_blocked, id=15976, stack(0x00000043c9200000,0x00000043c9300000)]
  0x000001de44ff0800 JavaThread "Unconstrained build operations Thread 10" [_thread_blocked, id=4720, stack(0x00000043c9300000,0x00000043c9400000)]
  0x000001de44feb000 JavaThread "Unconstrained build operations Thread 11" [_thread_blocked, id=17696, stack(0x00000043c9400000,0x00000043c9500000)]
  0x000001de44ff1800 JavaThread "Unconstrained build operations Thread 12" [_thread_blocked, id=13348, stack(0x00000043c9500000,0x00000043c9600000)]
  0x000001de44ff4000 JavaThread "Unconstrained build operations Thread 13" [_thread_blocked, id=18476, stack(0x00000043c9600000,0x00000043c9700000)]
  0x000001de44ff4800 JavaThread "Unconstrained build operations Thread 14" [_thread_blocked, id=20860, stack(0x00000043c9700000,0x00000043c9800000)]
  0x000001de44ff2800 JavaThread "Unconstrained build operations Thread 15" [_thread_blocked, id=8536, stack(0x00000043c9800000,0x00000043c9900000)]
  0x000001de44ff3000 JavaThread "Unconstrained build operations Thread 16" [_thread_blocked, id=16628, stack(0x00000043c9900000,0x00000043c9a00000)]
  0x000001de3f793000 JavaThread "Unconstrained build operations Thread 17" [_thread_blocked, id=14508, stack(0x00000043c9a00000,0x00000043c9b00000)]
  0x000001de3f790800 JavaThread "Unconstrained build operations Thread 18" [_thread_blocked, id=10220, stack(0x00000043c9b00000,0x00000043c9c00000)]
  0x000001de3f791800 JavaThread "Unconstrained build operations Thread 19" [_thread_blocked, id=23008, stack(0x00000043c9c00000,0x00000043c9d00000)]
  0x000001de3f78f000 JavaThread "Unconstrained build operations Thread 20" [_thread_blocked, id=11500, stack(0x00000043c9d00000,0x00000043c9e00000)]
  0x000001de3f794000 JavaThread "Unconstrained build operations Thread 21" [_thread_blocked, id=19656, stack(0x00000043c9e00000,0x00000043c9f00000)]
  0x000001de3f795800 JavaThread "Unconstrained build operations Thread 22" [_thread_blocked, id=12584, stack(0x00000043c9f00000,0x00000043ca000000)]
  0x000001de3f792000 JavaThread "Unconstrained build operations Thread 23" [_thread_blocked, id=4480, stack(0x00000043ca000000,0x00000043ca100000)]
  0x000001de3f794800 JavaThread "Unconstrained build operations Thread 24" [_thread_blocked, id=12212, stack(0x00000043ca100000,0x00000043ca200000)]
  0x000001de3f78f800 JavaThread "Unconstrained build operations Thread 25" [_thread_blocked, id=13308, stack(0x00000043ca200000,0x00000043ca300000)]
  0x000001de3f79a800 JavaThread "Unconstrained build operations Thread 26" [_thread_blocked, id=20252, stack(0x00000043ca300000,0x00000043ca400000)]
  0x000001de3f798000 JavaThread "Unconstrained build operations Thread 27" [_thread_blocked, id=12332, stack(0x00000043ca400000,0x00000043ca500000)]
  0x000001de3f798800 JavaThread "Unconstrained build operations Thread 28" [_thread_blocked, id=14452, stack(0x00000043ca500000,0x00000043ca600000)]
  0x000001de3f796800 JavaThread "Unconstrained build operations Thread 29" [_thread_blocked, id=18224, stack(0x00000043ca600000,0x00000043ca700000)]
  0x000001de3f799800 JavaThread "Unconstrained build operations Thread 30" [_thread_blocked, id=15912, stack(0x00000043ca700000,0x00000043ca800000)]
  0x000001de3f79c000 JavaThread "Unconstrained build operations Thread 31" [_thread_blocked, id=6732, stack(0x00000043ca800000,0x00000043ca900000)]
  0x000001de3f79b000 JavaThread "Unconstrained build operations Thread 32" [_thread_blocked, id=20852, stack(0x00000043ca900000,0x00000043caa00000)]
  0x000001de3f797000 JavaThread "Unconstrained build operations Thread 33" [_thread_blocked, id=19424, stack(0x00000043caa00000,0x00000043cab00000)]
  0x000001de3f79d000 JavaThread "Unconstrained build operations Thread 34" [_thread_blocked, id=3348, stack(0x00000043cab00000,0x00000043cac00000)]
  0x000001de3f79d800 JavaThread "Unconstrained build operations Thread 35" [_thread_blocked, id=22868, stack(0x00000043cac00000,0x00000043cad00000)]
  0x000001de419b1000 JavaThread "Unconstrained build operations Thread 36" [_thread_blocked, id=8056, stack(0x00000043cad00000,0x00000043cae00000)]
  0x000001de419b2800 JavaThread "Unconstrained build operations Thread 37" [_thread_blocked, id=8424, stack(0x00000043cae00000,0x00000043caf00000)]
  0x000001de419ae800 JavaThread "Unconstrained build operations Thread 38" [_thread_blocked, id=21500, stack(0x00000043caf00000,0x00000043cb000000)]
  0x000001de419af000 JavaThread "Unconstrained build operations Thread 39" [_thread_blocked, id=10136, stack(0x00000043cb000000,0x00000043cb100000)]
  0x000001de419b0000 JavaThread "Unconstrained build operations Thread 40" [_thread_blocked, id=20824, stack(0x00000043cb100000,0x00000043cb200000)]
  0x000001de419b7800 JavaThread "Unconstrained build operations Thread 41" [_thread_blocked, id=10056, stack(0x00000043cb200000,0x00000043cb300000)]
  0x000001de419b5000 JavaThread "Unconstrained build operations Thread 42" [_thread_blocked, id=20380, stack(0x00000043cb300000,0x00000043cb400000)]
  0x000001de419b4000 JavaThread "Unconstrained build operations Thread 43" [_thread_blocked, id=11380, stack(0x00000043cb400000,0x00000043cb500000)]
  0x000001de419b5800 JavaThread "Unconstrained build operations Thread 44" [_thread_blocked, id=21252, stack(0x00000043cb500000,0x00000043cb600000)]
  0x000001de419b6800 JavaThread "Unconstrained build operations Thread 45" [_thread_blocked, id=15932, stack(0x00000043cb600000,0x00000043cb700000)]
  0x000001de419b1800 JavaThread "Unconstrained build operations Thread 46" [_thread_blocked, id=17648, stack(0x00000043cb700000,0x00000043cb800000)]
  0x000001de419b8000 JavaThread "Unconstrained build operations Thread 47" [_thread_blocked, id=20092, stack(0x00000043cb800000,0x00000043cb900000)]
  0x000001de419b9000 JavaThread "Unconstrained build operations Thread 48" [_thread_blocked, id=8404, stack(0x00000043cb900000,0x00000043cba00000)]
  0x000001de419b3000 JavaThread "Unconstrained build operations Thread 49" [_thread_blocked, id=22100, stack(0x00000043cba00000,0x00000043cbb00000)]
  0x000001de419b9800 JavaThread "Unconstrained build operations Thread 50" [_thread_blocked, id=9972, stack(0x00000043cbb00000,0x00000043cbc00000)]
  0x000001de419ba800 JavaThread "Unconstrained build operations Thread 51" [_thread_blocked, id=22008, stack(0x00000043cbc00000,0x00000043cbd00000)]
  0x000001de419bb800 JavaThread "Unconstrained build operations Thread 52" [_thread_blocked, id=17400, stack(0x00000043cbd00000,0x00000043cbe00000)]
  0x000001de419bc000 JavaThread "Unconstrained build operations Thread 53" [_thread_blocked, id=4200, stack(0x00000043cbe00000,0x00000043cbf00000)]
  0x000001de419bd000 JavaThread "Unconstrained build operations Thread 54" [_thread_blocked, id=14916, stack(0x00000043cbf00000,0x00000043cc000000)]
  0x000001de41f3b000 JavaThread "Unconstrained build operations Thread 55" [_thread_blocked, id=3560, stack(0x00000043cc000000,0x00000043cc100000)]
  0x000001de41f39800 JavaThread "Unconstrained build operations Thread 56" [_thread_blocked, id=19956, stack(0x00000043cc100000,0x00000043cc200000)]
  0x000001de41f3c000 JavaThread "Unconstrained build operations Thread 57" [_thread_blocked, id=6196, stack(0x00000043cc200000,0x00000043cc300000)]
  0x000001de41f37000 JavaThread "Unconstrained build operations Thread 58" [_thread_blocked, id=12028, stack(0x00000043cc300000,0x00000043cc400000)]
  0x000001de41f38800 JavaThread "Unconstrained build operations Thread 59" [_thread_blocked, id=1492, stack(0x00000043cc400000,0x00000043cc500000)]
  0x000001de41f3c800 JavaThread "Unconstrained build operations Thread 60" [_thread_blocked, id=9744, stack(0x00000043cc500000,0x00000043cc600000)]
  0x000001de41f3d800 JavaThread "Unconstrained build operations Thread 61" [_thread_blocked, id=10744, stack(0x00000043cc600000,0x00000043cc700000)]
  0x000001de41f3a800 JavaThread "Unconstrained build operations Thread 62" [_thread_blocked, id=14012, stack(0x00000043cc700000,0x00000043cc800000)]
  0x000001de41f38000 JavaThread "Unconstrained build operations Thread 63" [_thread_blocked, id=14708, stack(0x00000043cc800000,0x00000043cc900000)]
  0x000001de41f3f000 JavaThread "Unconstrained build operations Thread 64" [_thread_blocked, id=22028, stack(0x00000043cc900000,0x00000043cca00000)]
  0x000001de41f40000 JavaThread "Unconstrained build operations Thread 65" [_thread_blocked, id=10668, stack(0x00000043cca00000,0x00000043ccb00000)]
  0x000001de41f41000 JavaThread "Unconstrained build operations Thread 66" [_thread_blocked, id=9080, stack(0x00000043ccb00000,0x00000043ccc00000)]
  0x000001de41f3e800 JavaThread "Unconstrained build operations Thread 67" [_thread_blocked, id=16388, stack(0x00000043ccc00000,0x00000043ccd00000)]
  0x000001de41f45000 JavaThread "Unconstrained build operations Thread 68" [_thread_blocked, id=17468, stack(0x00000043ccd00000,0x00000043cce00000)]
  0x000001de41f44000 JavaThread "Unconstrained build operations Thread 69" [_thread_blocked, id=8064, stack(0x00000043cce00000,0x00000043ccf00000)]
  0x000001de41f41800 JavaThread "Unconstrained build operations Thread 70" [_thread_blocked, id=17588, stack(0x00000043ccf00000,0x00000043cd000000)]
  0x000001de41f45800 JavaThread "Unconstrained build operations Thread 71" [_thread_blocked, id=13416, stack(0x00000043cd000000,0x00000043cd100000)]
  0x000001de41f42800 JavaThread "Unconstrained build operations Thread 72" [_thread_blocked, id=15904, stack(0x00000043cd100000,0x00000043cd200000)]
  0x000001de41f43000 JavaThread "Unconstrained build operations Thread 73" [_thread_blocked, id=7988, stack(0x00000043cd200000,0x00000043cd300000)]
  0x000001de3f5d4800 JavaThread "Unconstrained build operations Thread 74" [_thread_blocked, id=21588, stack(0x00000043cd300000,0x00000043cd400000)]
  0x000001de3f5d7000 JavaThread "Unconstrained build operations Thread 75" [_thread_blocked, id=7464, stack(0x00000043cd400000,0x00000043cd500000)]
  0x000001de3f5d9000 JavaThread "Unconstrained build operations Thread 76" [_thread_blocked, id=12756, stack(0x00000043cd500000,0x00000043cd600000)]
  0x000001de3f5d6800 JavaThread "Unconstrained build operations Thread 77" [_thread_blocked, id=10164, stack(0x00000043cd600000,0x00000043cd700000)]
  0x000001de3f5d5800 JavaThread "Unconstrained build operations Thread 78" [_thread_blocked, id=21168, stack(0x00000043cd700000,0x00000043cd800000)]
  0x000001de3f5d8000 JavaThread "Unconstrained build operations Thread 79" [_thread_blocked, id=18944, stack(0x00000043cd800000,0x00000043cd900000)]
  0x000001de3f5d3000 JavaThread "Unconstrained build operations Thread 80" [_thread_blocked, id=8568, stack(0x00000043cd900000,0x00000043cda00000)]
  0x000001de3f5d9800 JavaThread "jar transforms Thread 4" [_thread_blocked, id=6368, stack(0x00000043cda00000,0x00000043cdb00000)]
  0x000001de3f5d4000 JavaThread "jar transforms Thread 5" [_thread_blocked, id=1304, stack(0x00000043cdb00000,0x00000043cdc00000)]
  0x000001de3f5da800 JavaThread "jar transforms Thread 6" [_thread_blocked, id=10020, stack(0x00000043cdc00000,0x00000043cdd00000)]
  0x000001de3f5e1000 JavaThread "jar transforms Thread 7" [_thread_blocked, id=18468, stack(0x00000043cdd00000,0x00000043cde00000)]
  0x000001de3f5dd800 JavaThread "jar transforms Thread 8" [_thread_blocked, id=6116, stack(0x00000043cde00000,0x00000043cdf00000)]
=>0x000001de460e3000 JavaThread "C2 CompilerThread1" daemon [_thread_in_native, id=16884, stack(0x00000043cdf00000,0x00000043ce000000)]

Other Threads:
  0x000001de3e8ef000 VMThread "VM Thread" [stack: 0x00000043c5d00000,0x00000043c5e00000] [id=23252] _threads_hazard_ptr=0x000001de450771e0
  0x000001de3f434800 WatcherThread [stack: 0x00000043c6700000,0x00000043c6800000] [id=6744]
  0x000001de24497000 GCTaskThread "GC Thread#0" [stack: 0x00000043c5800000,0x00000043c5900000] [id=17296]
  0x000001de40428800 GCTaskThread "GC Thread#1" [stack: 0x00000043c6900000,0x00000043c6a00000] [id=9788]
  0x000001de4105e800 GCTaskThread "GC Thread#2" [stack: 0x00000043c7400000,0x00000043c7500000] [id=4320]
  0x000001de41372800 GCTaskThread "GC Thread#3" [stack: 0x00000043c7500000,0x00000043c7600000] [id=17920]
  0x000001de40ba6800 GCTaskThread "GC Thread#4" [stack: 0x00000043c7600000,0x00000043c7700000] [id=7640]
  0x000001de40496000 GCTaskThread "GC Thread#5" [stack: 0x00000043c7700000,0x00000043c7800000] [id=7712]
  0x000001de40b89800 GCTaskThread "GC Thread#6" [stack: 0x00000043c7800000,0x00000043c7900000] [id=19856]
  0x000001de40426800 GCTaskThread "GC Thread#7" [stack: 0x00000043c7900000,0x00000043c7a00000] [id=3532]
  0x000001de244cb000 ConcurrentGCThread "G1 Main Marker" [stack: 0x00000043c5900000,0x00000043c5a00000] [id=16716]
  0x000001de244cc800 ConcurrentGCThread "G1 Conc#0" [stack: 0x00000043c5a00000,0x00000043c5b00000] [id=11196]
  0x000001de4014f000 ConcurrentGCThread "G1 Conc#1" [stack: 0x00000043c7d00000,0x00000043c7e00000] [id=2360]
  0x000001de3e740800 ConcurrentGCThread "G1 Refine#0" [stack: 0x00000043c5b00000,0x00000043c5c00000] [id=11972]
  0x000001de3e741800 ConcurrentGCThread "G1 Young RemSet Sampling" [stack: 0x00000043c5c00000,0x00000043c5d00000] [id=6868]

Threads with active compile tasks:
C2 CompilerThread0  11144 5559 % !   4       java.util.jar.Attributes::read @ 186 (390 bytes)
C2 CompilerThread1  11144 5537       4       org.gradle.internal.reflect.MethodSet::add (50 bytes)

VM state:at safepoint (normal execution)

VM Mutex/Monitor currently owned by a thread:  ([mutex/lock_event])
[0x000001de2447ae10] Threads_lock - owner thread: 0x000001de3e8ef000

Heap address: 0x0000000080000000, size: 2048 MB, Compressed Oops mode: 32-bit
Narrow klass base: 0x0000000000000000, Narrow klass shift: 3
Compressed class space size: 1073741824 Address: 0x0000000100000000

Heap:
 garbage-first heap   total 152576K, used 63346K [0x0000000080000000, 0x0000000100000000)
  region size 1024K, 29 young (29696K), 10 survivors (10240K)
 Metaspace       used 49153K, capacity 50513K, committed 50636K, reserved 1093632K
  class space    used 6279K, capacity 6751K, committed 6860K, reserved 1048576K
Heap Regions: E=young(eden), S=young(survivor), O=old, HS=humongous(starts), HC=humongous(continues), CS=collection set, F=free, A=archive, TAMS=top-at-mark-start (previous, next)
|   0|0x0000000080000000, 0x0000000080100000, 0x0000000080100000|100%| O|  |TAMS 0x0000000080100000, 0x0000000080000000| Untracked 
|   1|0x0000000080100000, 0x0000000080200000, 0x0000000080200000|100%| O|  |TAMS 0x0000000080200000, 0x0000000080100000| Untracked 
|   2|0x0000000080200000, 0x0000000080300000, 0x0000000080300000|100%| O|  |TAMS 0x0000000080300000, 0x0000000080200000| Untracked 
|   3|0x0000000080300000, 0x0000000080400000, 0x0000000080400000|100%|HS|  |TAMS 0x0000000080400000, 0x0000000080300000| Complete 
|   4|0x0000000080400000, 0x0000000080500000, 0x0000000080500000|100%|HC|  |TAMS 0x0000000080500000, 0x0000000080400000| Complete 
|   5|0x0000000080500000, 0x0000000080600000, 0x0000000080600000|100%|HC|  |TAMS 0x0000000080600000, 0x0000000080500000| Complete 
|   6|0x0000000080600000, 0x0000000080700000, 0x0000000080700000|100%| O|  |TAMS 0x0000000080700000, 0x0000000080600000| Untracked 
|   7|0x0000000080700000, 0x0000000080800000, 0x0000000080800000|100%| O|  |TAMS 0x0000000080800000, 0x0000000080700000| Untracked 
|   8|0x0000000080800000, 0x0000000080900000, 0x0000000080900000|100%| O|  |TAMS 0x0000000080900000, 0x0000000080800000| Untracked 
|   9|0x0000000080900000, 0x0000000080a00000, 0x0000000080a00000|100%| O|  |TAMS 0x0000000080a00000, 0x0000000080900000| Untracked 
|  10|0x0000000080a00000, 0x0000000080b00000, 0x0000000080b00000|100%| O|  |TAMS 0x0000000080b00000, 0x0000000080a00000| Untracked 
|  11|0x0000000080b00000, 0x0000000080c00000, 0x0000000080c00000|100%| O|  |TAMS 0x0000000080c00000, 0x0000000080b00000| Untracked 
|  12|0x0000000080c00000, 0x0000000080d00000, 0x0000000080d00000|100%| O|  |TAMS 0x0000000080d00000, 0x0000000080c00000| Untracked 
|  13|0x0000000080d00000, 0x0000000080e00000, 0x0000000080e00000|100%| O|  |TAMS 0x0000000080e00000, 0x0000000080d00000| Untracked 
|  14|0x0000000080e00000, 0x0000000080f00000, 0x0000000080f00000|100%| O|  |TAMS 0x0000000080f00000, 0x0000000080e00000| Untracked 
|  15|0x0000000080f00000, 0x0000000081000000, 0x0000000081000000|100%| O|  |TAMS 0x0000000080f7a000, 0x0000000080f00000| Untracked 
|  16|0x0000000081000000, 0x0000000081100000, 0x0000000081100000|100%|HS|  |TAMS 0x0000000081000000, 0x0000000081000000| Complete 
|  17|0x0000000081100000, 0x0000000081200000, 0x0000000081200000|100%| O|  |TAMS 0x0000000081100000, 0x0000000081100000| Untracked 
|  18|0x0000000081200000, 0x0000000081300000, 0x0000000081300000|100%| O|  |TAMS 0x0000000081200000, 0x0000000081200000| Untracked 
|  19|0x0000000081300000, 0x0000000081400000, 0x0000000081400000|100%| O|  |TAMS 0x0000000081300000, 0x0000000081300000| Untracked 
|  20|0x0000000081400000, 0x0000000081500000, 0x0000000081500000|100%| O|  |TAMS 0x0000000081400000, 0x0000000081400000| Untracked 
|  21|0x0000000081500000, 0x0000000081600000, 0x0000000081600000|100%| O|  |TAMS 0x0000000081500000, 0x0000000081500000| Untracked 
|  22|0x0000000081600000, 0x0000000081700000, 0x0000000081700000|100%| O|  |TAMS 0x0000000081600000, 0x0000000081600000| Untracked 
|  23|0x0000000081700000, 0x0000000081800000, 0x0000000081800000|100%| O|  |TAMS 0x0000000081700000, 0x0000000081700000| Untracked 
|  24|0x0000000081800000, 0x0000000081900000, 0x0000000081900000|100%| O|  |TAMS 0x0000000081800000, 0x0000000081800000| Untracked 
|  25|0x0000000081900000, 0x0000000081a00000, 0x0000000081a00000|100%| O|  |TAMS 0x0000000081900000, 0x0000000081900000| Untracked 
|  26|0x0000000081a00000, 0x0000000081b00000, 0x0000000081b00000|100%| O|  |TAMS 0x0000000081a00000, 0x0000000081a00000| Untracked 
|  27|0x0000000081b00000, 0x0000000081c00000, 0x0000000081c00000|100%|HS|  |TAMS 0x0000000081b00000, 0x0000000081b00000| Complete 
|  28|0x0000000081c00000, 0x0000000081d00000, 0x0000000081d00000|100%|HS|  |TAMS 0x0000000081c00000, 0x0000000081c00000| Complete 
|  29|0x0000000081d00000, 0x0000000081e00000, 0x0000000081e00000|100%|HS|  |TAMS 0x0000000081d00000, 0x0000000081d00000| Complete 
|  30|0x0000000081e00000, 0x0000000081f00000, 0x0000000081f00000|100%|HS|  |TAMS 0x0000000081e00000, 0x0000000081e00000| Complete 
|  31|0x0000000081f00000, 0x0000000082000000, 0x0000000082000000|100%|HC|  |TAMS 0x0000000081f00000, 0x0000000081f00000| Complete 
|  32|0x0000000082000000, 0x0000000082100000, 0x0000000082100000|100%|HC|  |TAMS 0x0000000082000000, 0x0000000082000000| Complete 
|  33|0x0000000082100000, 0x0000000082200000, 0x0000000082200000|100%|HS|  |TAMS 0x0000000082100000, 0x0000000082100000| Complete 
|  34|0x0000000082200000, 0x0000000082300000, 0x0000000082300000|100%|HC|  |TAMS 0x0000000082200000, 0x0000000082200000| Complete 
|  35|0x0000000082300000, 0x0000000082300000, 0x0000000082400000|  0%| F|  |TAMS 0x0000000082300000, 0x0000000082300000| Untracked 
|  36|0x0000000082400000, 0x0000000082400000, 0x0000000082500000|  0%| F|  |TAMS 0x0000000082400000, 0x0000000082400000| Untracked 
|  37|0x0000000082500000, 0x0000000082500000, 0x0000000082600000|  0%| F|  |TAMS 0x0000000082500000, 0x0000000082500000| Untracked 
|  38|0x0000000082600000, 0x0000000082600000, 0x0000000082700000|  0%| F|  |TAMS 0x0000000082600000, 0x0000000082600000| Untracked 
|  39|0x0000000082700000, 0x0000000082700000, 0x0000000082800000|  0%| F|  |TAMS 0x0000000082700000, 0x0000000082700000| Untracked 
|  40|0x0000000082800000, 0x0000000082800000, 0x0000000082900000|  0%| F|  |TAMS 0x0000000082800000, 0x0000000082800000| Untracked 
|  41|0x0000000082900000, 0x0000000082900000, 0x0000000082a00000|  0%| F|  |TAMS 0x0000000082900000, 0x0000000082900000| Untracked 
|  42|0x0000000082a00000, 0x0000000082a00000, 0x0000000082b00000|  0%| F|  |TAMS 0x0000000082a00000, 0x0000000082a00000| Untracked 
|  43|0x0000000082b00000, 0x0000000082b00000, 0x0000000082c00000|  0%| F|  |TAMS 0x0000000082b00000, 0x0000000082b00000| Untracked 
|  44|0x0000000082c00000, 0x0000000082c00000, 0x0000000082d00000|  0%| F|  |TAMS 0x0000000082c00000, 0x0000000082c00000| Untracked 
|  45|0x0000000082d00000, 0x0000000082d00000, 0x0000000082e00000|  0%| F|  |TAMS 0x0000000082d00000, 0x0000000082d00000| Untracked 
|  46|0x0000000082e00000, 0x0000000082e00000, 0x0000000082f00000|  0%| F|  |TAMS 0x0000000082e00000, 0x0000000082e00000| Untracked 
|  47|0x0000000082f00000, 0x0000000082f00000, 0x0000000083000000|  0%| F|  |TAMS 0x0000000082f00000, 0x0000000082f00000| Untracked 
|  48|0x0000000083000000, 0x0000000083000000, 0x0000000083100000|  0%| F|  |TAMS 0x0000000083000000, 0x0000000083000000| Untracked 
|  49|0x0000000083100000, 0x0000000083100000, 0x0000000083200000|  0%| F|  |TAMS 0x0000000083100000, 0x0000000083100000| Untracked 
|  50|0x0000000083200000, 0x0000000083200000, 0x0000000083300000|  0%| F|  |TAMS 0x0000000083200000, 0x0000000083200000| Untracked 
|  51|0x0000000083300000, 0x0000000083300000, 0x0000000083400000|  0%| F|  |TAMS 0x0000000083300000, 0x0000000083300000| Untracked 
|  52|0x0000000083400000, 0x0000000083400000, 0x0000000083500000|  0%| F|  |TAMS 0x0000000083400000, 0x0000000083400000| Untracked 
|  53|0x0000000083500000, 0x0000000083500000, 0x0000000083600000|  0%| F|  |TAMS 0x0000000083500000, 0x0000000083500000| Untracked 
|  54|0x0000000083600000, 0x0000000083600000, 0x0000000083700000|  0%| F|  |TAMS 0x0000000083600000, 0x0000000083600000| Untracked 
|  55|0x0000000083700000, 0x0000000083700000, 0x0000000083800000|  0%| F|  |TAMS 0x0000000083700000, 0x0000000083700000| Untracked 
|  56|0x0000000083800000, 0x0000000083800000, 0x0000000083900000|  0%| F|  |TAMS 0x0000000083800000, 0x0000000083800000| Untracked 
|  57|0x0000000083900000, 0x0000000083900000, 0x0000000083a00000|  0%| F|  |TAMS 0x0000000083900000, 0x0000000083900000| Untracked 
|  58|0x0000000083a00000, 0x0000000083a00000, 0x0000000083b00000|  0%| F|  |TAMS 0x0000000083a00000, 0x0000000083a00000| Untracked 
|  59|0x0000000083b00000, 0x0000000083b00000, 0x0000000083c00000|  0%| F|  |TAMS 0x0000000083b00000, 0x0000000083b00000| Untracked 
|  60|0x0000000083c00000, 0x0000000083c00000, 0x0000000083d00000|  0%| F|  |TAMS 0x0000000083c00000, 0x0000000083c00000| Untracked 
|  61|0x0000000083d00000, 0x0000000083d00000, 0x0000000083e00000|  0%| F|  |TAMS 0x0000000083d00000, 0x0000000083d00000| Untracked 
|  62|0x0000000083e00000, 0x0000000083e00000, 0x0000000083f00000|  0%| F|  |TAMS 0x0000000083e00000, 0x0000000083e00000| Untracked 
|  63|0x0000000083f00000, 0x0000000083f00000, 0x0000000084000000|  0%| F|  |TAMS 0x0000000083f00000, 0x0000000083f00000| Untracked 
|  64|0x0000000084000000, 0x0000000084000000, 0x0000000084100000|  0%| F|  |TAMS 0x0000000084000000, 0x0000000084000000| Untracked 
|  65|0x0000000084100000, 0x0000000084100000, 0x0000000084200000|  0%| F|  |TAMS 0x0000000084100000, 0x0000000084100000| Untracked 
|  66|0x0000000084200000, 0x00000000842dcb90, 0x0000000084300000| 86%| S|CS|TAMS 0x0000000084200000, 0x0000000084200000| Complete 
|  67|0x0000000084300000, 0x0000000084400000, 0x0000000084400000|100%| S|CS|TAMS 0x0000000084300000, 0x0000000084300000| Complete 
|  68|0x0000000084400000, 0x0000000084500000, 0x0000000084500000|100%| S|CS|TAMS 0x0000000084400000, 0x0000000084400000| Complete 
|  69|0x0000000084500000, 0x0000000084600000, 0x0000000084600000|100%| S|CS|TAMS 0x0000000084500000, 0x0000000084500000| Complete 
|  70|0x0000000084600000, 0x0000000084700000, 0x0000000084700000|100%| S|CS|TAMS 0x0000000084600000, 0x0000000084600000| Complete 
|  71|0x0000000084700000, 0x0000000084800000, 0x0000000084800000|100%| S|CS|TAMS 0x0000000084700000, 0x0000000084700000| Complete 
|  72|0x0000000084800000, 0x0000000084900000, 0x0000000084900000|100%| S|CS|TAMS 0x0000000084800000, 0x0000000084800000| Complete 
|  73|0x0000000084900000, 0x0000000084a00000, 0x0000000084a00000|100%| S|CS|TAMS 0x0000000084900000, 0x0000000084900000| Complete 
|  74|0x0000000084a00000, 0x0000000084b00000, 0x0000000084b00000|100%| S|CS|TAMS 0x0000000084a00000, 0x0000000084a00000| Complete 
|  75|0x0000000084b00000, 0x0000000084c00000, 0x0000000084c00000|100%| S|CS|TAMS 0x0000000084b00000, 0x0000000084b00000| Complete 
|  76|0x0000000084c00000, 0x0000000084c00000, 0x0000000084d00000|  0%| F|  |TAMS 0x0000000084c00000, 0x0000000084c00000| Untracked 
|  77|0x0000000084d00000, 0x0000000084d00000, 0x0000000084e00000|  0%| F|  |TAMS 0x0000000084d00000, 0x0000000084d00000| Untracked 
|  78|0x0000000084e00000, 0x0000000084e00000, 0x0000000084f00000|  0%| F|  |TAMS 0x0000000084e00000, 0x0000000084e00000| Untracked 
|  79|0x0000000084f00000, 0x0000000084f00000, 0x0000000085000000|  0%| F|  |TAMS 0x0000000084f00000, 0x0000000084f00000| Untracked 
|  80|0x0000000085000000, 0x0000000085000000, 0x0000000085100000|  0%| F|  |TAMS 0x0000000085000000, 0x0000000085000000| Untracked 
|  81|0x0000000085100000, 0x0000000085100000, 0x0000000085200000|  0%| F|  |TAMS 0x0000000085100000, 0x0000000085100000| Untracked 
|  82|0x0000000085200000, 0x0000000085200000, 0x0000000085300000|  0%| F|  |TAMS 0x0000000085200000, 0x0000000085200000| Untracked 
|  83|0x0000000085300000, 0x0000000085300000, 0x0000000085400000|  0%| F|  |TAMS 0x0000000085300000, 0x0000000085300000| Untracked 
|  84|0x0000000085400000, 0x0000000085400000, 0x0000000085500000|  0%| F|  |TAMS 0x0000000085400000, 0x0000000085400000| Untracked 
|  85|0x0000000085500000, 0x0000000085500000, 0x0000000085600000|  0%| F|  |TAMS 0x0000000085500000, 0x0000000085500000| Untracked 
|  86|0x0000000085600000, 0x0000000085600000, 0x0000000085700000|  0%| F|  |TAMS 0x0000000085600000, 0x0000000085600000| Untracked 
|  87|0x0000000085700000, 0x0000000085700000, 0x0000000085800000|  0%| F|  |TAMS 0x0000000085700000, 0x0000000085700000| Untracked 
|  88|0x0000000085800000, 0x0000000085800000, 0x0000000085900000|  0%| F|  |TAMS 0x0000000085800000, 0x0000000085800000| Untracked 
|  89|0x0000000085900000, 0x0000000085900000, 0x0000000085a00000|  0%| F|  |TAMS 0x0000000085900000, 0x0000000085900000| Untracked 
|  90|0x0000000085a00000, 0x0000000085a00000, 0x0000000085b00000|  0%| F|  |TAMS 0x0000000085a00000, 0x0000000085a00000| Untracked 
|  91|0x0000000085b00000, 0x0000000085b00000, 0x0000000085c00000|  0%| F|  |TAMS 0x0000000085b00000, 0x0000000085b00000| Untracked 
|  92|0x0000000085c00000, 0x0000000085c00000, 0x0000000085d00000|  0%| F|  |TAMS 0x0000000085c00000, 0x0000000085c00000| Untracked 
|  93|0x0000000085d00000, 0x0000000085d00000, 0x0000000085e00000|  0%| F|  |TAMS 0x0000000085d00000, 0x0000000085d00000| Untracked 
|  94|0x0000000085e00000, 0x0000000085e00000, 0x0000000085f00000|  0%| F|  |TAMS 0x0000000085e00000, 0x0000000085e00000| Untracked 
|  95|0x0000000085f00000, 0x0000000085f00000, 0x0000000086000000|  0%| F|  |TAMS 0x0000000085f00000, 0x0000000085f00000| Untracked 
|  96|0x0000000086000000, 0x0000000086000000, 0x0000000086100000|  0%| F|  |TAMS 0x0000000086000000, 0x0000000086000000| Untracked 
|  97|0x0000000086100000, 0x0000000086100000, 0x0000000086200000|  0%| F|  |TAMS 0x0000000086100000, 0x0000000086100000| Untracked 
|  98|0x0000000086200000, 0x0000000086200000, 0x0000000086300000|  0%| F|  |TAMS 0x0000000086200000, 0x0000000086200000| Untracked 
|  99|0x0000000086300000, 0x0000000086300000, 0x0000000086400000|  0%| F|  |TAMS 0x0000000086300000, 0x0000000086300000| Untracked 
| 100|0x0000000086400000, 0x0000000086400000, 0x0000000086500000|  0%| F|  |TAMS 0x0000000086400000, 0x0000000086400000| Untracked 
| 101|0x0000000086500000, 0x0000000086500000, 0x0000000086600000|  0%| F|  |TAMS 0x0000000086500000, 0x0000000086500000| Untracked 
| 102|0x0000000086600000, 0x0000000086600000, 0x0000000086700000|  0%| F|  |TAMS 0x0000000086600000, 0x0000000086600000| Untracked 
| 103|0x0000000086700000, 0x0000000086700000, 0x0000000086800000|  0%| F|  |TAMS 0x0000000086700000, 0x0000000086700000| Untracked 
| 104|0x0000000086800000, 0x0000000086800000, 0x0000000086900000|  0%| F|  |TAMS 0x0000000086800000, 0x0000000086800000| Untracked 
| 105|0x0000000086900000, 0x0000000086900000, 0x0000000086a00000|  0%| F|  |TAMS 0x0000000086900000, 0x0000000086900000| Untracked 
| 106|0x0000000086a00000, 0x0000000086a00000, 0x0000000086b00000|  0%| F|  |TAMS 0x0000000086a00000, 0x0000000086a00000| Untracked 
| 107|0x0000000086b00000, 0x0000000086b00000, 0x0000000086c00000|  0%| F|  |TAMS 0x0000000086b00000, 0x0000000086b00000| Untracked 
| 108|0x0000000086c00000, 0x0000000086c00000, 0x0000000086d00000|  0%| F|  |TAMS 0x0000000086c00000, 0x0000000086c00000| Untracked 
| 109|0x0000000086d00000, 0x0000000086d00000, 0x0000000086e00000|  0%| F|  |TAMS 0x0000000086d00000, 0x0000000086d00000| Untracked 
| 110|0x0000000086e00000, 0x0000000086e00000, 0x0000000086f00000|  0%| F|  |TAMS 0x0000000086e00000, 0x0000000086e00000| Untracked 
| 111|0x0000000086f00000, 0x0000000086f00000, 0x0000000087000000|  0%| F|  |TAMS 0x0000000086f00000, 0x0000000086f00000| Untracked 
| 112|0x0000000087000000, 0x0000000087000000, 0x0000000087100000|  0%| F|  |TAMS 0x0000000087000000, 0x0000000087000000| Untracked 
| 113|0x0000000087100000, 0x0000000087100000, 0x0000000087200000|  0%| F|  |TAMS 0x0000000087100000, 0x0000000087100000| Untracked 
| 114|0x0000000087200000, 0x0000000087200000, 0x0000000087300000|  0%| F|  |TAMS 0x0000000087200000, 0x0000000087200000| Untracked 
| 115|0x0000000087300000, 0x0000000087300000, 0x0000000087400000|  0%| F|  |TAMS 0x0000000087300000, 0x0000000087300000| Untracked 
| 116|0x0000000087400000, 0x0000000087400000, 0x0000000087500000|  0%| F|  |TAMS 0x0000000087400000, 0x0000000087400000| Untracked 
| 117|0x0000000087500000, 0x0000000087500000, 0x0000000087600000|  0%| F|  |TAMS 0x0000000087500000, 0x0000000087500000| Untracked 
| 118|0x0000000087600000, 0x0000000087600000, 0x0000000087700000|  0%| F|  |TAMS 0x0000000087600000, 0x0000000087600000| Untracked 
| 119|0x0000000087700000, 0x0000000087700000, 0x0000000087800000|  0%| F|  |TAMS 0x0000000087700000, 0x0000000087700000| Untracked 
| 120|0x0000000087800000, 0x0000000087800000, 0x0000000087900000|  0%| F|  |TAMS 0x0000000087800000, 0x0000000087800000| Untracked 
| 121|0x0000000087900000, 0x0000000087900000, 0x0000000087a00000|  0%| F|  |TAMS 0x0000000087900000, 0x0000000087900000| Untracked 
| 122|0x0000000087a00000, 0x0000000087a00000, 0x0000000087b00000|  0%| F|  |TAMS 0x0000000087a00000, 0x0000000087a00000| Untracked 
| 123|0x0000000087b00000, 0x0000000087b00000, 0x0000000087c00000|  0%| F|  |TAMS 0x0000000087b00000, 0x0000000087b00000| Untracked 
| 124|0x0000000087c00000, 0x0000000087c00000, 0x0000000087d00000|  0%| F|  |TAMS 0x0000000087c00000, 0x0000000087c00000| Untracked 
| 125|0x0000000087d00000, 0x0000000087d00000, 0x0000000087e00000|  0%| F|  |TAMS 0x0000000087d00000, 0x0000000087d00000| Untracked 
| 126|0x0000000087e00000, 0x0000000087e00000, 0x0000000087f00000|  0%| F|  |TAMS 0x0000000087e00000, 0x0000000087e00000| Untracked 
| 127|0x0000000087f00000, 0x0000000087f00000, 0x0000000088000000|  0%| F|  |TAMS 0x0000000087f00000, 0x0000000087f00000| Untracked 
| 128|0x0000000088000000, 0x0000000088000000, 0x0000000088100000|  0%| F|  |TAMS 0x0000000088000000, 0x0000000088000000| Untracked 
| 129|0x0000000088100000, 0x0000000088100000, 0x0000000088200000|  0%| F|  |TAMS 0x0000000088100000, 0x0000000088100000| Untracked 
| 130|0x0000000088200000, 0x0000000088300000, 0x0000000088300000|100%| E|  |TAMS 0x0000000088200000, 0x0000000088200000| Complete 
| 131|0x0000000088300000, 0x0000000088400000, 0x0000000088400000|100%| E|CS|TAMS 0x0000000088300000, 0x0000000088300000| Complete 
| 132|0x0000000088400000, 0x0000000088500000, 0x0000000088500000|100%| E|CS|TAMS 0x0000000088400000, 0x0000000088400000| Complete 
| 133|0x0000000088500000, 0x0000000088600000, 0x0000000088600000|100%| E|CS|TAMS 0x0000000088500000, 0x0000000088500000| Complete 
| 134|0x0000000088600000, 0x0000000088700000, 0x0000000088700000|100%| E|CS|TAMS 0x0000000088600000, 0x0000000088600000| Complete 
| 135|0x0000000088700000, 0x0000000088800000, 0x0000000088800000|100%| E|CS|TAMS 0x0000000088700000, 0x0000000088700000| Complete 
| 136|0x0000000088800000, 0x0000000088900000, 0x0000000088900000|100%| E|CS|TAMS 0x0000000088800000, 0x0000000088800000| Complete 
| 137|0x0000000088900000, 0x0000000088a00000, 0x0000000088a00000|100%| E|CS|TAMS 0x0000000088900000, 0x0000000088900000| Complete 
| 138|0x0000000088a00000, 0x0000000088b00000, 0x0000000088b00000|100%| E|CS|TAMS 0x0000000088a00000, 0x0000000088a00000| Complete 
| 139|0x0000000088b00000, 0x0000000088c00000, 0x0000000088c00000|100%| E|CS|TAMS 0x0000000088b00000, 0x0000000088b00000| Complete 
| 140|0x0000000088c00000, 0x0000000088d00000, 0x0000000088d00000|100%| E|CS|TAMS 0x0000000088c00000, 0x0000000088c00000| Complete 
| 141|0x0000000088d00000, 0x0000000088e00000, 0x0000000088e00000|100%| E|CS|TAMS 0x0000000088d00000, 0x0000000088d00000| Complete 
| 142|0x0000000088e00000, 0x0000000088f00000, 0x0000000088f00000|100%| E|CS|TAMS 0x0000000088e00000, 0x0000000088e00000| Complete 
| 143|0x0000000088f00000, 0x0000000089000000, 0x0000000089000000|100%| E|CS|TAMS 0x0000000088f00000, 0x0000000088f00000| Complete 
| 144|0x0000000089000000, 0x0000000089100000, 0x0000000089100000|100%| E|CS|TAMS 0x0000000089000000, 0x0000000089000000| Complete 
| 145|0x0000000089100000, 0x0000000089200000, 0x0000000089200000|100%| E|CS|TAMS 0x0000000089100000, 0x0000000089100000| Complete 
| 146|0x0000000089200000, 0x0000000089300000, 0x0000000089300000|100%| E|CS|TAMS 0x0000000089200000, 0x0000000089200000| Complete 
| 147|0x0000000089300000, 0x0000000089400000, 0x0000000089400000|100%| E|  |TAMS 0x0000000089300000, 0x0000000089300000| Complete 
| 148|0x0000000089400000, 0x0000000089500000, 0x0000000089500000|100%| E|CS|TAMS 0x0000000089400000, 0x0000000089400000| Complete 

Card table byte_map: [0x000001de376b0000,0x000001de37ab0000] _byte_map_base: 0x000001de372b0000

Marking Bits (Prev, Next): (CMBitMap*) 0x000001de244c2348, (CMBitMap*) 0x000001de244c2380
 Prev Bits: [0x000001de37eb0000, 0x000001de39eb0000)
 Next Bits: [0x000001de39eb0000, 0x000001de3beb0000)

Polling page: 0x000001de22490000

Metaspace:

Usage:
  Non-class:     42.74 MB capacity,    41.87 MB ( 98%) used,   757.47 KB (  2%) free+waste,   130.19 KB ( <1%) overhead. 
      Class:      6.59 MB capacity,     6.13 MB ( 93%) used,   410.04 KB (  6%) free+waste,    61.81 KB ( <1%) overhead. 
       Both:     49.33 MB capacity,    48.00 MB ( 97%) used,     1.14 MB (  2%) free+waste,   192.00 KB ( <1%) overhead. 

Virtual space:
  Non-class space:       44.00 MB reserved,      42.75 MB ( 97%) committed 
      Class space:        1.00 GB reserved,       6.70 MB ( <1%) committed 
             Both:        1.04 GB reserved,      49.45 MB (  5%) committed 

Chunk freelists:
   Non-Class:  14.00 KB
       Class:  1.00 KB
        Both:  15.00 KB

MaxMetaspaceSize: 17179869184.00 GB
CompressedClassSpaceSize: 1.00 GB

CodeHeap 'non-profiled nmethods': size=120000Kb used=3035Kb max_used=3035Kb free=116964Kb
 bounds [0x000001de2fa50000, 0x000001de2fd50000, 0x000001de36f80000]
CodeHeap 'profiled nmethods': size=120000Kb used=11358Kb max_used=11358Kb free=108641Kb
 bounds [0x000001de28520000, 0x000001de29040000, 0x000001de2fa50000]
CodeHeap 'non-nmethods': size=5760Kb used=2230Kb max_used=2272Kb free=3529Kb
 bounds [0x000001de27f80000, 0x000001de281f0000, 0x000001de28520000]
 total_blobs=6348 nmethods=5560 adapters=699
 compilation: enabled
              stopped_count=0, restarted_count=0
 full_count=0

Compilation events (20 events):
Event: 11.047 Thread 0x000001de3f293800 nmethod 5550 0x000001de2902da90 code [0x000001de2902dc60, 0x000001de2902dea8]
Event: 11.049 Thread 0x000001de3f293800 5552       1       com.google.common.collect.MapMakerInternalMap$StrongKeyWeakValueSegment::access$100 (5 bytes)
Event: 11.050 Thread 0x000001de3f293800 nmethod 5552 0x000001de2fd46110 code [0x000001de2fd462c0, 0x000001de2fd46358]
Event: 11.061 Thread 0x000001de3f293800 5553       3       com.google.common.collect.MapMakerInternalMap::rehash (49 bytes)
Event: 11.061 Thread 0x000001de3f293800 nmethod 5553 0x000001de2902df90 code [0x000001de2902e140, 0x000001de2902e258]
Event: 11.061 Thread 0x000001de3f293800 5554       3       com.google.common.collect.MapMakerInternalMap::segmentFor (17 bytes)
Event: 11.061 Thread 0x000001de3f293800 nmethod 5554 0x000001de2902e310 code [0x000001de2902e4c0, 0x000001de2902e5f8]
Event: 11.071 Thread 0x000001de3f28b800 5555   !   4       java.lang.Class::getTypeName (76 bytes)
Event: 11.076 Thread 0x000001de3f293800 5556       3       com.google.common.collect.MapMakerInternalMap$StrongKeyWeakValueSegment::self (5 bytes)
Event: 11.076 Thread 0x000001de3f293800 nmethod 5556 0x000001de2902e710 code [0x000001de2902e8c0, 0x000001de2902ea18]
Event: 11.076 Thread 0x000001de3f293800 5557       3       com.google.common.collect.MapMakerInternalMap$StrongKeyWeakValueSegment::self (2 bytes)
Event: 11.076 Thread 0x000001de3f293800 nmethod 5557 0x000001de2902eb10 code [0x000001de2902ecc0, 0x000001de2902edb8]
Event: 11.076 Thread 0x000001de3f28b800 nmethod 5555 0x000001de2fd46410 code [0x000001de2fd46600, 0x000001de2fd46900]
Event: 11.083 Thread 0x000001de3f293800 5558       3       java.util.regex.Pattern::range (292 bytes)
Event: 11.084 Thread 0x000001de3f28b800 5559 % !   4       java.util.jar.Attributes::read @ 186 (390 bytes)
Event: 11.086 Thread 0x000001de3f293800 nmethod 5558 0x000001de2902ee90 code [0x000001de2902f340, 0x000001de290315c8]
Event: 11.086 Thread 0x000001de3f293800 5560       3       java.util.jar.Manifest$FastInputStream::readLine (296 bytes)
Event: 11.086 Thread 0x000001de3f293800 nmethod 5560 0x000001de29032190 code [0x000001de290323c0, 0x000001de29032ca8]
Event: 11.086 Thread 0x000001de3f293800 5561       3       com.google.common.collect.MapMakerInternalMap$Segment::getEntry (80 bytes)
Event: 11.088 Thread 0x000001de3f293800 nmethod 5561 0x000001de29033010 code [0x000001de29033380, 0x000001de29034b28]

GC Heap History (16 events):
Event: 0.698 GC heap before
{Heap before GC invocations=0 (full 0):
 garbage-first heap   total 126976K, used 29696K [0x0000000080000000, 0x0000000100000000)
  region size 1024K, 24 young (24576K), 0 survivors (0K)
 Metaspace       used 9882K, capacity 10114K, committed 10368K, reserved 1058816K
  class space    used 1027K, capacity 1102K, committed 1152K, reserved 1048576K
}
Event: 0.706 GC heap after
{Heap after GC invocations=1 (full 0):
 garbage-first heap   total 126976K, used 9260K [0x0000000080000000, 0x0000000100000000)
  region size 1024K, 3 young (3072K), 3 survivors (3072K)
 Metaspace       used 9882K, capacity 10114K, committed 10368K, reserved 1058816K
  class space    used 1027K, capacity 1102K, committed 1152K, reserved 1048576K
}
Event: 1.731 GC heap before
{Heap before GC invocations=1 (full 0):
 garbage-first heap   total 126976K, used 81964K [0x0000000080000000, 0x0000000100000000)
  region size 1024K, 74 young (75776K), 3 survivors (3072K)
 Metaspace       used 17528K, capacity 17922K, committed 18176K, reserved 1064960K
  class space    used 2071K, capacity 2217K, committed 2304K, reserved 1048576K
}
Event: 1.737 GC heap after
{Heap after GC invocations=2 (full 0):
 garbage-first heap   total 126976K, used 15848K [0x0000000080000000, 0x0000000100000000)
  region size 1024K, 10 young (10240K), 10 survivors (10240K)
 Metaspace       used 17528K, capacity 17922K, committed 18176K, reserved 1064960K
  class space    used 2071K, capacity 2217K, committed 2304K, reserved 1048576K
}
Event: 1.952 GC heap before
{Heap before GC invocations=2 (full 0):
 garbage-first heap   total 126976K, used 42472K [0x0000000080000000, 0x0000000100000000)
  region size 1024K, 37 young (37888K), 10 survivors (10240K)
 Metaspace       used 20653K, capacity 21075K, committed 21248K, reserved 1067008K
  class space    used 2537K, capacity 2693K, committed 2816K, reserved 1048576K
}
Event: 1.959 GC heap after
{Heap after GC invocations=3 (full 0):
 garbage-first heap   total 126976K, used 16958K [0x0000000080000000, 0x0000000100000000)
  region size 1024K, 2 young (2048K), 2 survivors (2048K)
 Metaspace       used 20653K, capacity 21075K, committed 21248K, reserved 1067008K
  class space    used 2537K, capacity 2693K, committed 2816K, reserved 1048576K
}
Event: 2.452 GC heap before
{Heap before GC invocations=4 (full 0):
 garbage-first heap   total 126976K, used 75326K [0x0000000080000000, 0x0000000100000000)
  region size 1024K, 59 young (60416K), 2 survivors (2048K)
 Metaspace       used 26311K, capacity 26892K, committed 27008K, reserved 1073152K
  class space    used 3455K, capacity 3681K, committed 3712K, reserved 1048576K
}
Event: 2.455 GC heap after
{Heap after GC invocations=5 (full 0):
 garbage-first heap   total 126976K, used 18920K [0x0000000080000000, 0x0000000100000000)
  region size 1024K, 3 young (3072K), 3 survivors (3072K)
 Metaspace       used 26311K, capacity 26892K, committed 27008K, reserved 1073152K
  class space    used 3455K, capacity 3681K, committed 3712K, reserved 1048576K
}
Event: 3.149 GC heap before
{Heap before GC invocations=5 (full 0):
 garbage-first heap   total 126976K, used 73192K [0x0000000080000000, 0x0000000100000000)
  region size 1024K, 57 young (58368K), 3 survivors (3072K)
 Metaspace       used 35013K, capacity 35785K, committed 35840K, reserved 1081344K
  class space    used 4558K, capacity 4863K, committed 4864K, reserved 1048576K
}
Event: 3.156 GC heap after
{Heap after GC invocations=6 (full 0):
 garbage-first heap   total 126976K, used 22516K [0x0000000080000000, 0x0000000100000000)
  region size 1024K, 7 young (7168K), 7 survivors (7168K)
 Metaspace       used 35013K, capacity 35785K, committed 35840K, reserved 1081344K
  class space    used 4558K, capacity 4863K, committed 4864K, reserved 1048576K
}
Event: 3.798 GC heap before
{Heap before GC invocations=7 (full 0):
 garbage-first heap   total 126976K, used 86004K [0x0000000080000000, 0x0000000100000000)
  region size 1024K, 67 young (68608K), 7 survivors (7168K)
 Metaspace       used 39255K, capacity 40207K, committed 40268K, reserved 1083392K
  class space    used 5039K, capacity 5393K, committed 5452K, reserved 1048576K
}
Event: 3.810 GC heap after
{Heap after GC invocations=8 (full 0):
 garbage-first heap   total 126976K, used 27455K [0x0000000080000000, 0x0000000100000000)
  region size 1024K, 9 young (9216K), 9 survivors (9216K)
 Metaspace       used 39255K, capacity 40207K, committed 40268K, reserved 1083392K
  class space    used 5039K, capacity 5393K, committed 5452K, reserved 1048576K
}
Event: 5.627 GC heap before
{Heap before GC invocations=8 (full 0):
 garbage-first heap   total 126976K, used 87871K [0x0000000080000000, 0x0000000100000000)
  region size 1024K, 68 young (69632K), 9 survivors (9216K)
 Metaspace       used 44852K, capacity 45901K, committed 46156K, reserved 1089536K
  class space    used 5765K, capacity 6130K, committed 6220K, reserved 1048576K
}
Event: 5.637 GC heap after
{Heap after GC invocations=9 (full 0):
 garbage-first heap   total 152576K, used 29696K [0x0000000080000000, 0x0000000100000000)
  region size 1024K, 3 young (3072K), 3 survivors (3072K)
 Metaspace       used 44852K, capacity 45901K, committed 46156K, reserved 1089536K
  class space    used 5765K, capacity 6130K, committed 6220K, reserved 1048576K
}
Event: 10.447 GC heap before
{Heap before GC invocations=9 (full 0):
 garbage-first heap   total 152576K, used 111616K [0x0000000080000000, 0x0000000100000000)
  region size 1024K, 76 young (77824K), 3 survivors (3072K)
 Metaspace       used 48030K, capacity 49285K, committed 49356K, reserved 1091584K
  class space    used 6124K, capacity 6590K, committed 6604K, reserved 1048576K
}
Event: 10.458 GC heap after
{Heap after GC invocations=10 (full 0):
 garbage-first heap   total 152576K, used 43890K [0x0000000080000000, 0x0000000100000000)
  region size 1024K, 10 young (10240K), 10 survivors (10240K)
 Metaspace       used 48030K, capacity 49285K, committed 49356K, reserved 1091584K
  class space    used 6124K, capacity 6590K, committed 6604K, reserved 1048576K
}

Deoptimization events (20 events):
Event: 10.906 Thread 0x000001de41357000 Uncommon trap: trap_request=0xffffff6e fr.pc=0x000001de2fd1d844 relative=0x00000000000007c4
Event: 10.906 Thread 0x000001de41357000 Uncommon trap: reason=speculate_class_check action=maybe_recompile pc=0x000001de2fd1d844 method=sun.security.provider.DigestBase.implCompressMultiBlock([BII)I @ 11 c2
Event: 10.906 Thread 0x000001de41357000 DEOPT PACKING pc=0x000001de2fd1d844 sp=0x00000043c72fceb0
Event: 10.906 Thread 0x000001de41357000 DEOPT UNPACKING pc=0x000001de27f883af sp=0x00000043c72fcde8 mode 2
Event: 10.911 Thread 0x000001de41357000 Uncommon trap: trap_request=0xffffff6e fr.pc=0x000001de2fd1d844 relative=0x00000000000007c4
Event: 10.911 Thread 0x000001de41357000 Uncommon trap: reason=speculate_class_check action=maybe_recompile pc=0x000001de2fd1d844 method=sun.security.provider.DigestBase.implCompressMultiBlock([BII)I @ 11 c2
Event: 10.911 Thread 0x000001de41357000 DEOPT PACKING pc=0x000001de2fd1d844 sp=0x00000043c72fcc40
Event: 10.911 Thread 0x000001de41357000 DEOPT UNPACKING pc=0x000001de27f883af sp=0x00000043c72fcb78 mode 2
Event: 10.911 Thread 0x000001de41357000 Uncommon trap: trap_request=0xffffff6e fr.pc=0x000001de2fd1d844 relative=0x00000000000007c4
Event: 10.911 Thread 0x000001de41357000 Uncommon trap: reason=speculate_class_check action=maybe_recompile pc=0x000001de2fd1d844 method=sun.security.provider.DigestBase.implCompressMultiBlock([BII)I @ 11 c2
Event: 10.911 Thread 0x000001de41357000 DEOPT PACKING pc=0x000001de2fd1d844 sp=0x00000043c72fcb50
Event: 10.911 Thread 0x000001de41357000 DEOPT UNPACKING pc=0x000001de27f883af sp=0x00000043c72fca88 mode 2
Event: 10.911 Thread 0x000001de41357000 Uncommon trap: trap_request=0xffffff6e fr.pc=0x000001de2fd1d844 relative=0x00000000000007c4
Event: 10.911 Thread 0x000001de41357000 Uncommon trap: reason=speculate_class_check action=maybe_recompile pc=0x000001de2fd1d844 method=sun.security.provider.DigestBase.implCompressMultiBlock([BII)I @ 11 c2
Event: 10.911 Thread 0x000001de41357000 DEOPT PACKING pc=0x000001de2fd1d844 sp=0x00000043c72fca60
Event: 10.911 Thread 0x000001de41357000 DEOPT UNPACKING pc=0x000001de27f883af sp=0x00000043c72fc998 mode 2
Event: 11.037 Thread 0x000001de4231f000 Uncommon trap: trap_request=0xffffff4d fr.pc=0x000001de2faa38fc relative=0x000000000000059c
Event: 11.037 Thread 0x000001de4231f000 Uncommon trap: reason=unstable_if action=reinterpret pc=0x000001de2faa38fc method=java.util.jar.Manifest$FastInputStream.readLine([BII)I @ 130 c2
Event: 11.037 Thread 0x000001de4231f000 DEOPT PACKING pc=0x000001de2faa38fc sp=0x00000043c6ff7910
Event: 11.037 Thread 0x000001de4231f000 DEOPT UNPACKING pc=0x000001de27f883af sp=0x00000043c6ff78a0 mode 2

Classes redefined (0 events):
No events

Internal exceptions (20 events):
Event: 10.845 Thread 0x000001de4231f000 Exception <a 'java/lang/ClassNotFoundException'{0x0000000088bb6b20}: org/gradle/api/DefaultTaskBeanInfo> (0x0000000088bb6b20) thrown at [./src/hotspot/share/classfile/systemDictionary.cpp, line 231]
Event: 10.847 Thread 0x000001de4231f000 Exception <a 'java/lang/ClassNotFoundException'{0x0000000088be52c0}: org/gradle/api/internal/AbstractTaskBeanInfo> (0x0000000088be52c0) thrown at [./src/hotspot/share/classfile/systemDictionary.cpp, line 231]
Event: 10.848 Thread 0x000001de4231f000 Exception <a 'java/lang/ClassNotFoundException'{0x0000000088a14508}: org/gradle/api/internal/AbstractTaskCustomizer> (0x0000000088a14508) thrown at [./src/hotspot/share/classfile/systemDictionary.cpp, line 231]
Event: 10.852 Thread 0x000001de4231f000 Exception <a 'java/lang/ClassNotFoundException'{0x0000000088a87e20}: org/gradle/api/DefaultTaskCustomizer> (0x0000000088a87e20) thrown at [./src/hotspot/share/classfile/systemDictionary.cpp, line 231]
Event: 10.855 Thread 0x000001de4231f000 Exception <a 'java/lang/ClassNotFoundException'{0x000000008890ab10}: org/gradle/api/internal/ConventionTaskCustomizer> (0x000000008890ab10) thrown at [./src/hotspot/share/classfile/systemDictionary.cpp, line 231]
Event: 10.857 Thread 0x000001de4231f000 Exception <a 'java/lang/ClassNotFoundException'{0x00000000889438d8}: org/gradle/api/tasks/DeleteCustomizer> (0x00000000889438d8) thrown at [./src/hotspot/share/classfile/systemDictionary.cpp, line 231]
Event: 10.864 Thread 0x000001de4231f000 Exception <a 'java/lang/ClassNotFoundException'{0x00000000889839d8}: org/gradle/api/tasks/Delete_DecoratedCustomizer> (0x00000000889839d8) thrown at [./src/hotspot/share/classfile/systemDictionary.cpp, line 231]
Event: 10.901 Thread 0x000001de4231f000 Exception <a 'java/lang/NoSuchMethodError'{0x0000000088897c30}: 'long java.lang.invoke.DirectMethodHandle$Holder.invokeVirtual(java.lang.Object, java.lang.Object)'> (0x0000000088897c30) thrown at [./src/hotspot/share/interpreter/linkResolver.cpp, line 773]
Event: 10.906 Thread 0x000001de41357000 Exception <a 'java/lang/NoSuchMethodError'{0x0000000088701290}: <clinit>> (0x0000000088701290) thrown at [./src/hotspot/share/prims/jni.cpp, line 1362]
Event: 10.911 Thread 0x000001de41357000 Exception <a 'java/lang/NoSuchMethodError'{0x0000000088738758}: <clinit>> (0x0000000088738758) thrown at [./src/hotspot/share/prims/jni.cpp, line 1362]
Event: 10.911 Thread 0x000001de41357000 Exception <a 'java/lang/NoSuchMethodError'{0x0000000088739868}: <clinit>> (0x0000000088739868) thrown at [./src/hotspot/share/prims/jni.cpp, line 1362]
Event: 10.911 Thread 0x000001de41357000 Exception <a 'java/lang/NoSuchMethodError'{0x000000008873ab70}: <clinit>> (0x000000008873ab70) thrown at [./src/hotspot/share/prims/jni.cpp, line 1362]
Event: 10.911 Thread 0x000001de41357000 Exception <a 'java/lang/NoSuchMethodError'{0x000000008873bb90}: <clinit>> (0x000000008873bb90) thrown at [./src/hotspot/share/prims/jni.cpp, line 1362]
Event: 10.913 Thread 0x000001de41357000 Exception <a 'java/lang/NoSuchMethodError'{0x000000008874e4c0}: <clinit>> (0x000000008874e4c0) thrown at [./src/hotspot/share/prims/jni.cpp, line 1362]
Event: 10.914 Thread 0x000001de41357000 Exception <a 'java/lang/NoSuchMethodError'{0x0000000088758a10}: <clinit>> (0x0000000088758a10) thrown at [./src/hotspot/share/prims/jni.cpp, line 1362]
Event: 10.916 Thread 0x000001de41357000 Exception <a 'java/lang/NoSuchMethodError'{0x000000008876ca20}: <clinit>> (0x000000008876ca20) thrown at [./src/hotspot/share/prims/jni.cpp, line 1362]
Event: 11.026 Thread 0x000001de4231f000 Exception <a 'java/lang/ClassNotFoundException'{0x00000000886179f0}: build_c0pqgd8oxvkgtp7aepf1xdbc4BeanInfo> (0x00000000886179f0) thrown at [./src/hotspot/share/classfile/systemDictionary.cpp, line 231]
Event: 11.026 Thread 0x000001de4231f000 Exception <a 'java/lang/ClassNotFoundException'{0x00000000886229a8}: build_c0pqgd8oxvkgtp7aepf1xdbc4Customizer> (0x00000000886229a8) thrown at [./src/hotspot/share/classfile/systemDictionary.cpp, line 231]
Event: 11.070 Thread 0x000001de4231f000 Exception <a 'java/lang/ClassNotFoundException'{0x0000000088410650}: org/gradle/api/internal/plugins/DefaultObjectConfigurationActionBeanInfo> (0x0000000088410650) thrown at [./src/hotspot/share/classfile/systemDictionary.cpp, line 231]
Event: 11.071 Thread 0x000001de4231f000 Exception <a 'java/lang/ClassNotFoundException'{0x0000000088446b80}: org/gradle/api/internal/plugins/DefaultObjectConfigurationActionCustomizer> (0x0000000088446b80) thrown at [./src/hotspot/share/classfile/systemDictionary.cpp, line 231]

Events (20 events):
Event: 11.089 loading class com/google/common/base/CharMatcher$Ascii
Event: 11.089 loading class com/google/common/base/CharMatcher$Ascii done
Event: 11.090 loading class com/google/common/base/CharMatcher$NamedFastMatcher
Event: 11.090 loading class com/google/common/base/CharMatcher$NamedFastMatcher done
Event: 11.090 loading class com/google/common/base/CharMatcher$FastMatcher
Event: 11.090 loading class com/google/common/base/CharMatcher$FastMatcher done
Event: 11.091 loading class com/google/common/base/CharMatcher$Is
Event: 11.091 loading class com/google/common/base/CharMatcher$Is done
Event: 11.091 loading class com/google/common/base/CharMatcher$Digit
Event: 11.091 loading class com/google/common/base/CharMatcher$Digit done
Event: 11.092 loading class com/google/common/base/CharMatcher$RangesMatcher
Event: 11.092 loading class com/google/common/base/CharMatcher$RangesMatcher done
Event: 11.092 loading class com/google/common/base/CharMatcher$Negated
Event: 11.092 loading class com/google/common/base/CharMatcher$Negated done
Event: 11.093 loading class com/google/common/base/CharMatcher$And
Event: 11.093 loading class com/google/common/base/CharMatcher$And done
Event: 11.094 loading class com/google/common/base/CharMatcher$Or
Event: 11.094 loading class com/google/common/base/CharMatcher$Or done
Event: 11.095 loading class com/google/common/base/CharMatcher$IsEither
Event: 11.095 loading class com/google/common/base/CharMatcher$IsEither done


Dynamic libraries:
0x00007ff691af0000 - 0x00007ff691afa000 	D:\Installed\studio\jre\bin\java.exe
0x00007ff99e6c0000 - 0x00007ff99e8c9000 	C:\WINDOWS\SYSTEM32\ntdll.dll
0x00007ff99c810000 - 0x00007ff99c8cd000 	C:\WINDOWS\System32\KERNEL32.DLL
0x00007ff99be10000 - 0x00007ff99c184000 	C:\WINDOWS\System32\KERNELBASE.dll
0x00007ff99c190000 - 0x00007ff99c2a1000 	C:\WINDOWS\System32\ucrtbase.dll
0x00007ff986940000 - 0x00007ff986959000 	D:\Installed\studio\jre\bin\jli.dll
0x00007ff985f70000 - 0x00007ff985f87000 	D:\Installed\studio\jre\bin\VCRUNTIME140.dll
0x00007ff99cae0000 - 0x00007ff99cc8c000 	C:\WINDOWS\System32\USER32.dll
0x00007ff97d100000 - 0x00007ff97d3a5000 	C:\WINDOWS\WinSxS\amd64_microsoft.windows.common-controls_6595b64144ccf1df_6.0.22000.120_none_9d947278b86cc467\COMCTL32.dll
0x00007ff99c2b0000 - 0x00007ff99c2d6000 	C:\WINDOWS\System32\win32u.dll
0x00007ff99c560000 - 0x00007ff99c589000 	C:\WINDOWS\System32\GDI32.dll
0x00007ff99c6d0000 - 0x00007ff99c773000 	C:\WINDOWS\System32\msvcrt.dll
0x00007ff99bbb0000 - 0x00007ff99bcc2000 	C:\WINDOWS\System32\gdi32full.dll
0x00007ff99c450000 - 0x00007ff99c4ed000 	C:\WINDOWS\System32\msvcp_win.dll
0x00007ff99ca90000 - 0x00007ff99cac1000 	C:\WINDOWS\System32\IMM32.DLL
0x00007ff983970000 - 0x00007ff983a0d000 	D:\Installed\studio\jre\bin\msvcp140.dll
0x00007ff8fff50000 - 0x00007ff900a25000 	D:\Installed\studio\jre\bin\server\jvm.dll
0x00007ff99e5d0000 - 0x00007ff99e67e000 	C:\WINDOWS\System32\ADVAPI32.dll
0x00007ff99cfa0000 - 0x00007ff99d03e000 	C:\WINDOWS\System32\sechost.dll
0x00007ff99c8e0000 - 0x00007ff99ca00000 	C:\WINDOWS\System32\RPCRT4.dll
0x00007ff99d770000 - 0x00007ff99d778000 	C:\WINDOWS\System32\PSAPI.DLL
0x00007ff989fd0000 - 0x00007ff989fda000 	C:\WINDOWS\SYSTEM32\VERSION.dll
0x00007ff98f9b0000 - 0x00007ff98f9e3000 	C:\WINDOWS\SYSTEM32\WINMM.dll
0x00007ff993a60000 - 0x00007ff993a69000 	C:\WINDOWS\SYSTEM32\WSOCK32.dll
0x00007ff99df30000 - 0x00007ff99df9f000 	C:\WINDOWS\System32\ws2_32.DLL
0x00007ff99ada0000 - 0x00007ff99adb8000 	C:\WINDOWS\SYSTEM32\kernel.appcore.dll
0x00007ff985880000 - 0x00007ff985891000 	D:\Installed\studio\jre\bin\verify.dll
0x00007ff999520000 - 0x00007ff999741000 	C:\WINDOWS\SYSTEM32\DBGHELP.DLL
0x00007ff97b9a0000 - 0x00007ff97b9d1000 	C:\WINDOWS\SYSTEM32\dbgcore.DLL
0x00007ff99bd90000 - 0x00007ff99be0f000 	C:\WINDOWS\System32\bcryptPrimitives.dll
0x00007ff984f30000 - 0x00007ff984f59000 	D:\Installed\studio\jre\bin\java.dll
0x00007ff987530000 - 0x00007ff98753b000 	D:\Installed\studio\jre\bin\jimage.dll
0x00007ff985690000 - 0x00007ff9856a8000 	D:\Installed\studio\jre\bin\zip.dll
0x00007ff99d780000 - 0x00007ff99df2f000 	C:\WINDOWS\System32\SHELL32.dll
0x00007ff999d30000 - 0x00007ff99a598000 	C:\WINDOWS\SYSTEM32\windows.storage.dll
0x00007ff99e250000 - 0x00007ff99e5c8000 	C:\WINDOWS\System32\combase.dll
0x00007ff999bc0000 - 0x00007ff999d26000 	C:\WINDOWS\SYSTEM32\wintypes.dll
0x00007ff99e140000 - 0x00007ff99e22a000 	C:\WINDOWS\System32\SHCORE.dll
0x00007ff99c780000 - 0x00007ff99c7dd000 	C:\WINDOWS\System32\shlwapi.dll
0x00007ff99bae0000 - 0x00007ff99bb01000 	C:\WINDOWS\SYSTEM32\profapi.dll
0x00007ff9853f0000 - 0x00007ff98540a000 	D:\Installed\studio\jre\bin\net.dll
0x00007ff992910000 - 0x00007ff992a1c000 	C:\WINDOWS\SYSTEM32\WINHTTP.dll
0x00007ff99b1d0000 - 0x00007ff99b237000 	C:\WINDOWS\system32\mswsock.dll
0x00007ff984100000 - 0x00007ff984114000 	D:\Installed\studio\jre\bin\nio.dll
0x00007ff97fdf0000 - 0x00007ff97fe17000 	C:\Users\chami\.gradle\native\e1d6ef7f7dcc3fd88c89a11ec53ec762bb8ba0a96d01ffa2cd45eb1d1d8dd5c5\windows-amd64\native-platform.dll
0x00007ff953eb0000 - 0x00007ff953ff4000 	C:\Users\chami\.gradle\native\5664cfc778a61ccfe75a443a1ab52a65af34e5dc3c78e0209fed803814484fcb\windows-amd64\native-platform-file-events.dll
0x00007ff9874d0000 - 0x00007ff9874da000 	D:\Installed\studio\jre\bin\management.dll
0x00007ff987470000 - 0x00007ff98747d000 	D:\Installed\studio\jre\bin\management_ext.dll
0x00007ff99b410000 - 0x00007ff99b428000 	C:\WINDOWS\SYSTEM32\CRYPTSP.dll
0x00007ff99ad00000 - 0x00007ff99ad35000 	C:\WINDOWS\system32\rsaenh.dll
0x00007ff99b2c0000 - 0x00007ff99b2e9000 	C:\WINDOWS\SYSTEM32\USERENV.dll
0x00007ff99b590000 - 0x00007ff99b5b7000 	C:\WINDOWS\SYSTEM32\bcrypt.dll
0x00007ff99b430000 - 0x00007ff99b43c000 	C:\WINDOWS\SYSTEM32\CRYPTBASE.dll
0x00007ff99a8d0000 - 0x00007ff99a8fd000 	C:\WINDOWS\SYSTEM32\IPHLPAPI.DLL
0x00007ff99cad0000 - 0x00007ff99cad9000 	C:\WINDOWS\System32\NSI.dll
0x00007ff98fce0000 - 0x00007ff98fcf9000 	C:\WINDOWS\SYSTEM32\dhcpcsvc6.DLL
0x00007ff98fdb0000 - 0x00007ff98fdce000 	C:\WINDOWS\SYSTEM32\dhcpcsvc.DLL
0x00007ff99a900000 - 0x00007ff99a9e8000 	C:\WINDOWS\SYSTEM32\DNSAPI.dll

dbghelp: loaded successfully - version: 4.0.5 - missing functions: none
symbol engine: initialized successfully - sym options: 0x614 - pdb path: .;D:\Installed\studio\jre\bin;C:\WINDOWS\SYSTEM32;C:\WINDOWS\WinSxS\amd64_microsoft.windows.common-controls_6595b64144ccf1df_6.0.22000.120_none_9d947278b86cc467;D:\Installed\studio\jre\bin\server;C:\Users\chami\.gradle\native\e1d6ef7f7dcc3fd88c89a11ec53ec762bb8ba0a96d01ffa2cd45eb1d1d8dd5c5\windows-amd64;C:\Users\chami\.gradle\native\5664cfc778a61ccfe75a443a1ab52a65af34e5dc3c78e0209fed803814484fcb\windows-amd64

VM Arguments:
jvm_args: --add-opens=java.base/java.util=ALL-UNNAMED --add-opens=java.base/java.lang=ALL-UNNAMED --add-opens=java.base/java.lang.invoke=ALL-UNNAMED --add-opens=java.base/java.util=ALL-UNNAMED --add-opens=java.prefs/java.util.prefs=ALL-UNNAMED --add-opens=java.prefs/java.util.prefs=ALL-UNNAMED --add-opens=java.base/java.nio.charset=ALL-UNNAMED --add-opens=java.base/java.net=ALL-UNNAMED --add-opens=java.base/java.util.concurrent.atomic=ALL-UNNAMED -Xmx2048m -Dfile.encoding=UTF-8 -Duser.country=US -Duser.language=en -Duser.variant 
java_command: org.gradle.launcher.daemon.bootstrap.GradleDaemon 7.2
java_class_path (initial): C:\Users\chami\.gradle\wrapper\dists\gradle-7.2-bin\2dnblmf4td7x66yl1d74lt32g\gradle-7.2\lib\gradle-launcher-7.2.jar
Launcher Type: SUN_STANDARD

[Global flags]
     intx CICompilerCount                          = 4                                         {product} {ergonomic}
     uint ConcGCThreads                            = 2                                         {product} {ergonomic}
     uint G1ConcRefinementThreads                  = 8                                         {product} {ergonomic}
   size_t G1HeapRegionSize                         = 1048576                                   {product} {ergonomic}
    uintx GCDrainStackTargetSize                   = 64                                        {product} {ergonomic}
   size_t InitialHeapSize                          = 130023424                                 {product} {ergonomic}
   size_t MarkStackSize                            = 4194304                                   {product} {ergonomic}
   size_t MaxHeapSize                              = 2147483648                                {product} {command line}
   size_t MaxNewSize                               = 1287651328                                {product} {ergonomic}
   size_t MinHeapDeltaBytes                        = 1048576                                   {product} {ergonomic}
    uintx NonNMethodCodeHeapSize                   = 5836300                                {pd product} {ergonomic}
    uintx NonProfiledCodeHeapSize                  = 122910970                              {pd product} {ergonomic}
    uintx ProfiledCodeHeapSize                     = 122910970                              {pd product} {ergonomic}
    uintx ReservedCodeCacheSize                    = 251658240                              {pd product} {ergonomic}
     bool SegmentedCodeCache                       = true                                      {product} {ergonomic}
     bool UseCompressedClassPointers               = true                                 {lp64_product} {ergonomic}
     bool UseCompressedOops                        = true                                 {lp64_product} {ergonomic}
     bool UseG1GC                                  = true                                      {product} {ergonomic}
     bool UseLargePagesIndividualAllocation        = false                                  {pd product} {ergonomic}

Logging:
Log output configuration:
 #0: stdout all=warning uptime,level,tags
 #1: stderr all=off uptime,level,tags

Environment Variables:
PATH=C:\Program Files (x86)\Common Files\Oracle\Java\javapath;C:\Windows\system32;C:\Windows;C:\Windows\System32\Wbem;C:\Windows\System32\WindowsPowerShell\v1.0\;C:\Windows\System32\OpenSSH\;C:\Program Files\NVIDIA Corporation\NVIDIA NvDLISR;C:\Program Files (x86)\NVIDIA Corporation\PhysX\Common;C:\Program Files\Microsoft SQL Server\150\Tools\Binn\;C:\Program Files\Microsoft SQL Server\Client SDK\ODBC\170\Tools\Binn\;C:\Program Files\dotnet\;C:\WINDOWS\system32;C:\WINDOWS;C:\WINDOWS\System32\Wbem;C:\WINDOWS\System32\WindowsPowerShell\v1.0\;C:\WINDOWS\System32\OpenSSH\;C:\Gradle\gradle-7.4.2\bin;C:\Users\chami\AppData\Local\Microsoft\WindowsApps;C:\Users\chami\.dotnet\tools;
USERNAME=chami
OS=Windows_NT
PROCESSOR_IDENTIFIER=Intel64 Family 6 Model 140 Stepping 1, GenuineIntel



---------------  S Y S T E M  ---------------

OS: Windows 10 , 64 bit Build 22000 (10.0.22000.613)
OS uptime: 12 days 11:47 hours

CPU:total 8 (initial active 8) (4 cores per cpu, 2 threads per core) family 6 model 140 stepping 1 microcode 0x9a, cmov, cx8, fxsr, mmx, sse, sse2, sse3, ssse3, sse4.1, sse4.2, popcnt, avx, avx2, aes, clmul, erms, 3dnowpref, lzcnt, ht, tsc, tscinvbit, bmi1, bmi2, adx, evex, sha, fma

Memory: 4k page, system-wide physical 7914M (387M free)
TotalPageFile size 20507M (AvailPageFile size 1M)
current process WorkingSet (physical memory assigned to process): 231M, peak: 294M
current process commit charge ("private bytes"): 362M, peak: 362M

vm_info: OpenJDK 64-Bit Server VM (11.0.11+9-b60-7590822) for windows-amd64 JRE (11.0.11+9-b60-7590822), built on Jul 29 2021 21:43:44 by "builder" with MS VC++ 14.0 (VS2015)

END.
